<?xml version="1.0" encoding="UTF-8"?>
<!-- Generated by org.testng.reporters.JUnitReportReporter -->
<testsuite hostname="DESKTOP-V7LO711" name="Test2" tests="2" failures="0" timestamp="11 Jun 2021 13:09:23 GMT" time="0.010" errors="0">
  <testcase name="test2" time="0.000" classname="Test2"/>
  <testcase name="test" time="0.010" classname="Test2"/>
</testsuite> <!-- Test2 -->
